<?xml version="1.0" encoding="UTF-8"?>
<!-- Generated by org.testng.reporters.JUnitReportReporter -->
<testsuite hostname="DESKTOP-CN71QHB" failures="0" tests="1" name="Practiceframework.Project1.TestforPractice" time="7.302" errors="0" timestamp="2025-02-05T19:01:31 GMT" skipped="0">
  <testcase classname="Practiceframework.Project1.TestforPractice" name="Testagain" time="7.302"/>
</testsuite> <!-- Practiceframework.Project1.TestforPractice -->
