<?xml version="1.0" encoding="UTF-8"?>
<!-- Generated by org.testng.reporters.JUnitReportReporter -->
<testsuite hostname="DESKTOP-CN71QHB" failures="0" tests="3" name="Practiceframework.Project1.NewTestCase" time="58.096" errors="0" timestamp="2025-02-05T19:11:09 GMT" skipped="0">
  <testcase classname="Practiceframework.Project1.NewTestCase" name="Test2" time="15.749"/>
  <testcase classname="Practiceframework.Project1.NewTestCase" name="Test1" time="19.551"/>
  <testcase classname="Practiceframework.Project1.NewTestCase" name="Test1" time="22.796"/>
</testsuite> <!-- Practiceframework.Project1.NewTestCase -->
